[2025-06-04 20:44:10] Скрипт начал выполнение
[2025-06-04 20:44:10] Конфигурация загружена успешно
[2025-06-04 20:44:10] Origin запроса: https://electrikavrn.ru
[2025-06-04 20:44:10] CORS заголовки установлены
[2025-06-04 20:44:10] Метод запроса: POST
[2025-06-04 20:44:10] Получены данные: {"name":"Pol","phone":"+7 (234","message":"Test","source":"Форма обратной связи","url":"https://electrikavrn.ru/"}
[2025-06-04 20:44:10] Данные успешно декодированы
[2025-06-04 20:44:10] IP пользователя: 89.169.33.216
[2025-06-04 20:44:10] Получена информация о местоположении
[2025-06-04 20:44:11] Геоинформация получена
[2025-06-04 20:44:11] Данные формы получены. Имя: Pol, Телефон: +7 (234
[2025-06-04 20:44:11] Сообщение для Telegram сформировано
[2025-06-04 20:44:11] Подготовка к отправке в Telegram
[2025-06-04 20:44:11] Начало отправки в Telegram
[2025-06-04 20:44:11] CURL опции установлены
[2025-06-04 20:44:11] CURL выполнен. HTTP код: 200
[2025-06-04 20:44:11] Ответ Telegram: {"ok":true,"result":{"message_id":42,"from":{"id":7606774380,"is_bot":true,"first_name":"electrikavrn","username":"electrikavrn_bot"},"chat":{"id":-4925396190,"title":"ElectrikaVRN \u0437\u0430\u044f\u0432\u043a\u0438","type":"group","all_members_are_administrators":true,"accepted_gift_types":{"unlimited_gifts":false,"limited_gifts":false,"unique_gifts":false,"premium_subscription":false}},"date":1749059051,"text":"\ud83d\udd14 \u041d\u043e\u0432\u0430\u044f \u0437\u0430\u044f\u0432\u043a\u0430 \u0441 \u0441\u0430\u0439\u0442\u0430!\n\n\ud83d\udc64 \u0418\u043c\u044f: Pol\n\ud83d\udcf1 \u0422\u0435\u043b\u0435\u0444\u043e\u043d: +7 (234\n\ud83d\udcac \u0421\u043e\u043e\u0431\u0449\u0435\u043d\u0438\u0435: Test\n\n\ud83d\udd52 \u0414\u0430\u0442\u0430: 04.06.2025 20:44:11\n\ud83c\udf0d \u0421\u0442\u0440\u0430\u043d\u0430: \u0428\u0432\u0435\u0446\u0438\u044f\n\ud83c\udfe0 \u0420\u0435\u0433\u0438\u043e\u043d: \u041d\u0435\u0438\u0437\u0432\u0435\u0441\u0442\u043d\u043e\n\ud83c\udf06 \u0413\u043e\u0440\u043e\u0434: \u0421\u0442\u043e\u043a\u0433\u043e\u043b\u044c\u043c\n\ud83d\udccd \u0410\u0434\u0440\u0435\u0441: Gustav Adolfs Torg, Klara, Norrmalm, Norra innerstadens stadsdelsomr\u00e5de, \u0421\u0442\u043e\u043a\u0433\u043e\u043b\u044c\u043c, 103 21, \u0428\u0432\u0435\u0446\u0438\u044f\n\ud83c\udf10 IP: 89.169.33.216\n\ud83d\uddfa\ufe0f \u041a\u043e\u043e\u0440\u0434\u0438\u043d\u0430\u0442\u044b: 59.3293, 18.0685\n\ud83d\udcde \u0418\u0441\u0442\u043e\u0447\u043d\u0438\u043a: \u0424\u043e\u0440\u043c\u0430 \u043d\u0430 \u0441\u0430\u0439\u0442\u0435","entities":[{"offset":0,"length":24,"type":"bold"},{"offset":26,"length":7,"type":"bold"},{"offset":38,"length":11,"type":"bold"},{"offset":58,"length":13,"type":"bold"},{"offset":78,"length":8,"type":"bold"},{"offset":107,"length":10,"type":"bold"},{"offset":125,"length":10,"type":"bold"},{"offset":147,"length":9,"type":"bold"},{"offset":167,"length":9,"type":"bold"},{"offset":276,"length":6,"type":"bold"},{"offset":283,"length":13,"type":"url"},{"offset":297,"length":15,"type":"bold"},{"offset":330,"length":12,"type":"bold"}]}}
[2025-06-04 20:44:11] Сообщение успешно отправлено в Telegram
[2025-06-04 20:44:11] Заявка записана в лог
[2025-06-04 20:44:11] Отправлен успешный ответ клиенту
[2025-06-05 09:08:23] Скрипт начал выполнение
[2025-06-05 09:08:23] Конфигурация загружена успешно
[2025-06-05 09:08:23] Origin запроса: https://electrikavrn.ru
[2025-06-05 09:08:23] CORS заголовки установлены
[2025-06-05 09:08:23] Метод запроса: POST
[2025-06-05 09:08:23] Получены данные: {"name":"Pavel","phone":"+7 (908) 134-1963","message":"Test","source":"Форма обратной связи","url":"https://electrikavrn.ru/contacts"}
[2025-06-05 09:08:23] Данные успешно декодированы
[2025-06-05 09:08:23] IP пользователя: 95.32.10.49
[2025-06-05 09:08:23] Получена информация о местоположении
[2025-06-05 09:08:24] Геоинформация получена
[2025-06-05 09:08:24] Данные формы получены. Имя: Pavel, Телефон: +7 (908) 134-1963
[2025-06-05 09:08:24] Сообщение для Telegram сформировано
[2025-06-05 09:08:24] Подготовка к отправке в Telegram
[2025-06-05 09:08:24] Начало отправки в Telegram
[2025-06-05 09:08:24] CURL опции установлены
[2025-06-05 09:08:24] CURL выполнен. HTTP код: 200
[2025-06-05 09:08:24] Ответ Telegram: {"ok":true,"result":{"message_id":43,"from":{"id":7606774380,"is_bot":true,"first_name":"electrikavrn","username":"electrikavrn_bot"},"chat":{"id":-4925396190,"title":"ElectrikaVRN \u0437\u0430\u044f\u0432\u043a\u0438","type":"group","all_members_are_administrators":true,"accepted_gift_types":{"unlimited_gifts":false,"limited_gifts":false,"unique_gifts":false,"premium_subscription":false}},"date":1749103704,"text":"\ud83d\udd14 \u041d\u043e\u0432\u0430\u044f \u0437\u0430\u044f\u0432\u043a\u0430 \u0441 \u0441\u0430\u0439\u0442\u0430!\n\n\ud83d\udc64 \u0418\u043c\u044f: Pavel\n\ud83d\udcf1 \u0422\u0435\u043b\u0435\u0444\u043e\u043d: +7 (908) 134-1963\n\ud83d\udcac \u0421\u043e\u043e\u0431\u0449\u0435\u043d\u0438\u0435: Test\n\n\ud83d\udd52 \u0414\u0430\u0442\u0430: 05.06.2025 09:08:24\n\ud83c\udf0d \u0421\u0442\u0440\u0430\u043d\u0430: \u0420\u043e\u0441\u0441\u0438\u044f\n\ud83c\udfe0 \u0420\u0435\u0433\u0438\u043e\u043d: \u0412\u043e\u0440\u043e\u043d\u0435\u0436\u0441\u043a\u0430\u044f \u043e\u0431\u043b\u0430\u0441\u0442\u044c\n\ud83c\udf06 \u0413\u043e\u0440\u043e\u0434: \u0412\u043e\u0440\u043e\u043d\u0435\u0436\n\ud83d\udccd \u0410\u0434\u0440\u0435\u0441: 11, \u0443\u043b\u0438\u0446\u0430 \u0418\u0437\u043e\u0431\u0440\u0435\u0442\u0430\u0442\u0435\u043b\u0435\u0439, \u0421\u043e\u0432\u0435\u0442\u0441\u043a\u0438\u0439 \u0440\u0430\u0439\u043e\u043d, \u0412\u043e\u0440\u043e\u043d\u0435\u0436, \u0433\u043e\u0440\u043e\u0434\u0441\u043a\u043e\u0439 \u043e\u043a\u0440\u0443\u0433 \u0412\u043e\u0440\u043e\u043d\u0435\u0436, \u0412\u043e\u0440\u043e\u043d\u0435\u0436\u0441\u043a\u0430\u044f \u043e\u0431\u043b\u0430\u0441\u0442\u044c, \u0426\u0435\u043d\u0442\u0440\u0430\u043b\u044c\u043d\u044b\u0439 \u0444\u0435\u0434\u0435\u0440\u0430\u043b\u044c\u043d\u044b\u0439 \u043e\u043a\u0440\u0443\u0433, 394027, \u0420\u043e\u0441\u0441\u0438\u044f\n\ud83c\udf10 IP: 95.32.10.49\n\ud83d\uddfa\ufe0f \u041a\u043e\u043e\u0440\u0434\u0438\u043d\u0430\u0442\u044b: 51.6664, 39.17\n\ud83d\udcde \u0418\u0441\u0442\u043e\u0447\u043d\u0438\u043a: \u0424\u043e\u0440\u043c\u0430 \u043d\u0430 \u0441\u0430\u0439\u0442\u0435","entities":[{"offset":0,"length":24,"type":"bold"},{"offset":26,"length":7,"type":"bold"},{"offset":40,"length":11,"type":"bold"},{"offset":70,"length":13,"type":"bold"},{"offset":90,"length":8,"type":"bold"},{"offset":119,"length":10,"type":"bold"},{"offset":137,"length":10,"type":"bold"},{"offset":168,"length":9,"type":"bold"},{"offset":186,"length":9,"type":"bold"},{"offset":339,"length":6,"type":"bold"},{"offset":346,"length":11,"type":"url"},{"offset":358,"length":15,"type":"bold"},{"offset":389,"length":12,"type":"bold"}]}}
[2025-06-05 09:08:24] Сообщение успешно отправлено в Telegram
[2025-06-05 09:08:24] Заявка записана в лог
[2025-06-05 09:08:24] Отправлен успешный ответ клиенту
[2025-06-05 09:11:35] Скрипт начал выполнение
[2025-06-05 09:11:35] Конфигурация загружена успешно
[2025-06-05 09:11:35] Origin запроса: https://electrikavrn.ru
[2025-06-05 09:11:35] CORS заголовки установлены
[2025-06-05 09:11:35] Метод запроса: POST
[2025-06-05 09:11:35] Получены данные: {"name":"Павел","phone":"+7 (908) 134-1963","message":"Тест","source":"Форма обратной связи","url":"https://electrikavrn.ru/contacts"}
[2025-06-05 09:11:35] Данные успешно декодированы
[2025-06-05 09:11:35] IP пользователя: 95.32.10.49
[2025-06-05 09:11:35] Получена информация о местоположении
[2025-06-05 09:11:36] Геоинформация получена
[2025-06-05 09:11:36] Данные формы получены. Имя: Павел, Телефон: +7 (908) 134-1963
[2025-06-05 09:11:36] Сообщение для Telegram сформировано
[2025-06-05 09:11:36] Подготовка к отправке в Telegram
[2025-06-05 09:11:36] Начало отправки в Telegram
[2025-06-05 09:11:36] CURL опции установлены
[2025-06-05 09:11:36] CURL выполнен. HTTP код: 200
[2025-06-05 09:11:36] Ответ Telegram: {"ok":true,"result":{"message_id":44,"from":{"id":7606774380,"is_bot":true,"first_name":"electrikavrn","username":"electrikavrn_bot"},"chat":{"id":-4925396190,"title":"ElectrikaVRN \u0437\u0430\u044f\u0432\u043a\u0438","type":"group","all_members_are_administrators":true,"accepted_gift_types":{"unlimited_gifts":false,"limited_gifts":false,"unique_gifts":false,"premium_subscription":false}},"date":1749103896,"text":"\ud83d\udd14 \u041d\u043e\u0432\u0430\u044f \u0437\u0430\u044f\u0432\u043a\u0430 \u0441 \u0441\u0430\u0439\u0442\u0430!\n\n\ud83d\udc64 \u0418\u043c\u044f: \u041f\u0430\u0432\u0435\u043b\n\ud83d\udcf1 \u0422\u0435\u043b\u0435\u0444\u043e\u043d: +7 (908) 134-1963\n\ud83d\udcac \u0421\u043e\u043e\u0431\u0449\u0435\u043d\u0438\u0435: \u0422\u0435\u0441\u0442\n\n\ud83d\udd52 \u0414\u0430\u0442\u0430: 05.06.2025 09:11:36\n\ud83c\udf0d \u0421\u0442\u0440\u0430\u043d\u0430: \u0420\u043e\u0441\u0441\u0438\u044f\n\ud83c\udfe0 \u0420\u0435\u0433\u0438\u043e\u043d: \u0412\u043e\u0440\u043e\u043d\u0435\u0436\u0441\u043a\u0430\u044f \u043e\u0431\u043b\u0430\u0441\u0442\u044c\n\ud83c\udf06 \u0413\u043e\u0440\u043e\u0434: \u0412\u043e\u0440\u043e\u043d\u0435\u0436\n\ud83d\udccd \u0410\u0434\u0440\u0435\u0441: 11, \u0443\u043b\u0438\u0446\u0430 \u0418\u0437\u043e\u0431\u0440\u0435\u0442\u0430\u0442\u0435\u043b\u0435\u0439, \u0421\u043e\u0432\u0435\u0442\u0441\u043a\u0438\u0439 \u0440\u0430\u0439\u043e\u043d, \u0412\u043e\u0440\u043e\u043d\u0435\u0436, \u0433\u043e\u0440\u043e\u0434\u0441\u043a\u043e\u0439 \u043e\u043a\u0440\u0443\u0433 \u0412\u043e\u0440\u043e\u043d\u0435\u0436, \u0412\u043e\u0440\u043e\u043d\u0435\u0436\u0441\u043a\u0430\u044f \u043e\u0431\u043b\u0430\u0441\u0442\u044c, \u0426\u0435\u043d\u0442\u0440\u0430\u043b\u044c\u043d\u044b\u0439 \u0444\u0435\u0434\u0435\u0440\u0430\u043b\u044c\u043d\u044b\u0439 \u043e\u043a\u0440\u0443\u0433, 394027, \u0420\u043e\u0441\u0441\u0438\u044f\n\ud83c\udf10 IP: 95.32.10.49\n\ud83d\uddfa\ufe0f \u041a\u043e\u043e\u0440\u0434\u0438\u043d\u0430\u0442\u044b: 51.6664, 39.17\n\ud83d\udcde \u0418\u0441\u0442\u043e\u0447\u043d\u0438\u043a: \u0424\u043e\u0440\u043c\u0430 \u043d\u0430 \u0441\u0430\u0439\u0442\u0435","entities":[{"offset":0,"length":24,"type":"bold"},{"offset":26,"length":7,"type":"bold"},{"offset":40,"length":11,"type":"bold"},{"offset":70,"length":13,"type":"bold"},{"offset":90,"length":8,"type":"bold"},{"offset":119,"length":10,"type":"bold"},{"offset":137,"length":10,"type":"bold"},{"offset":168,"length":9,"type":"bold"},{"offset":186,"length":9,"type":"bold"},{"offset":339,"length":6,"type":"bold"},{"offset":346,"length":11,"type":"url"},{"offset":358,"length":15,"type":"bold"},{"offset":389,"length":12,"type":"bold"}]}}
[2025-06-05 09:11:36] Сообщение успешно отправлено в Telegram
[2025-06-05 09:11:36] Заявка записана в лог
[2025-06-05 09:11:36] Отправлен успешный ответ клиенту
[2025-06-08 15:52:44] Скрипт начал выполнение
[2025-06-08 15:52:44] Конфигурация загружена успешно
[2025-06-08 15:52:44] Origin запроса: https://electrikavrn.ru
[2025-06-08 15:52:44] CORS заголовки установлены
[2025-06-08 15:52:44] Метод запроса: POST
[2025-06-08 15:52:44] Получены данные: {"name":"Кира","phone":"+7 (584) 589-5456","message":"хочу себе электрику в квартире","source":"Форма обратной связи","url":"https://electrikavrn.ru/calculate-dlya-chaynikov"}
[2025-06-08 15:52:44] Данные успешно декодированы
[2025-06-08 15:52:44] IP пользователя: 31.222.36.36
[2025-06-08 15:52:44] Получена информация о местоположении
[2025-06-08 15:52:45] Геоинформация получена
[2025-06-08 15:52:45] Данные формы получены. Имя: Кира, Телефон: +7 (584) 589-5456
[2025-06-08 15:52:45] Сообщение для Telegram сформировано
[2025-06-08 15:52:45] Подготовка к отправке в Telegram
[2025-06-08 15:52:45] Начало отправки в Telegram
[2025-06-08 15:52:45] CURL опции установлены
[2025-06-08 15:52:45] CURL выполнен. HTTP код: 200
[2025-06-08 15:52:45] Ответ Telegram: {"ok":true,"result":{"message_id":45,"from":{"id":7606774380,"is_bot":true,"first_name":"electrikavrn","username":"electrikavrn_bot"},"chat":{"id":-4925396190,"title":"ElectrikaVRN \u0437\u0430\u044f\u0432\u043a\u0438","type":"group","all_members_are_administrators":true,"accepted_gift_types":{"unlimited_gifts":false,"limited_gifts":false,"unique_gifts":false,"premium_subscription":false}},"date":1749387165,"text":"\ud83d\udd14 \u041d\u043e\u0432\u0430\u044f \u0437\u0430\u044f\u0432\u043a\u0430 \u0441 \u0441\u0430\u0439\u0442\u0430!\n\n\ud83d\udc64 \u0418\u043c\u044f: \u041a\u0438\u0440\u0430\n\ud83d\udcf1 \u0422\u0435\u043b\u0435\u0444\u043e\u043d: +7 (584) 589-5456\n\ud83d\udcac \u0421\u043e\u043e\u0431\u0449\u0435\u043d\u0438\u0435: \u0445\u043e\u0447\u0443 \u0441\u0435\u0431\u0435 \u044d\u043b\u0435\u043a\u0442\u0440\u0438\u043a\u0443 \u0432 \u043a\u0432\u0430\u0440\u0442\u0438\u0440\u0435\n\n\ud83d\udd52 \u0414\u0430\u0442\u0430: 08.06.2025 15:52:45\n\ud83c\udf0d \u0421\u0442\u0440\u0430\u043d\u0430: \u0420\u043e\u0441\u0441\u0438\u044f\n\ud83c\udfe0 \u0420\u0435\u0433\u0438\u043e\u043d: \u0412\u043e\u0440\u043e\u043d\u0435\u0436\u0441\u043a\u0430\u044f \u043e\u0431\u043b\u0430\u0441\u0442\u044c\n\ud83c\udf06 \u0413\u043e\u0440\u043e\u0434: \u0412\u043e\u0440\u043e\u043d\u0435\u0436\n\ud83d\udccd \u0410\u0434\u0440\u0435\u0441: \u041a\u043e\u043b\u044c\u0446\u043e\u0432\u0441\u043a\u0430\u044f \u0443\u043b\u0438\u0446\u0430, \u041b\u0435\u043d\u0438\u043d\u0441\u043a\u0438\u0439 \u0440\u0430\u0439\u043e\u043d, \u0412\u043e\u0440\u043e\u043d\u0435\u0436, \u0433\u043e\u0440\u043e\u0434\u0441\u043a\u043e\u0439 \u043e\u043a\u0440\u0443\u0433 \u0412\u043e\u0440\u043e\u043d\u0435\u0436, \u0412\u043e\u0440\u043e\u043d\u0435\u0436\u0441\u043a\u0430\u044f \u043e\u0431\u043b\u0430\u0441\u0442\u044c, \u0426\u0435\u043d\u0442\u0440\u0430\u043b\u044c\u043d\u044b\u0439 \u0444\u0435\u0434\u0435\u0440\u0430\u043b\u044c\u043d\u044b\u0439 \u043e\u043a\u0440\u0443\u0433, 394030, \u0420\u043e\u0441\u0441\u0438\u044f\n\ud83c\udf10 IP: 31.222.36.36\n\ud83d\uddfa\ufe0f \u041a\u043e\u043e\u0440\u0434\u0438\u043d\u0430\u0442\u044b: 51.6684, 39.1919\n\ud83d\udcde \u0418\u0441\u0442\u043e\u0447\u043d\u0438\u043a: \u0424\u043e\u0440\u043c\u0430 \u043d\u0430 \u0441\u0430\u0439\u0442\u0435","entities":[{"offset":0,"length":24,"type":"bold"},{"offset":26,"length":7,"type":"bold"},{"offset":39,"length":11,"type":"bold"},{"offset":69,"length":13,"type":"bold"},{"offset":115,"length":8,"type":"bold"},{"offset":144,"length":10,"type":"bold"},{"offset":162,"length":10,"type":"bold"},{"offset":193,"length":9,"type":"bold"},{"offset":211,"length":9,"type":"bold"},{"offset":358,"length":6,"type":"bold"},{"offset":365,"length":12,"type":"url"},{"offset":378,"length":15,"type":"bold"},{"offset":411,"length":12,"type":"bold"}]}}
[2025-06-08 15:52:45] Сообщение успешно отправлено в Telegram
[2025-06-08 15:52:45] Заявка записана в лог
[2025-06-08 15:52:45] Отправлен успешный ответ клиенту
[2025-06-08 19:01:31] Скрипт начал выполнение
[2025-06-08 19:01:31] Конфигурация загружена успешно
[2025-06-08 19:01:31] Origin запроса: https://electrikavrn.ru
[2025-06-08 19:01:31] CORS заголовки установлены
[2025-06-08 19:01:31] Метод запроса: POST
[2025-06-08 19:01:31] Получены данные: {"name":"Павел","phone":"+7 (908) 134-1963","message":"Тест","source":"Форма обратной связи","url":"https://electrikavrn.ru/"}
[2025-06-08 19:01:31] Данные успешно декодированы
[2025-06-08 19:01:31] IP пользователя: 95.32.10.49
[2025-06-08 19:01:31] Получена информация о местоположении
[2025-06-08 19:01:31] Геоинформация получена
[2025-06-08 19:01:31] Данные формы получены. Имя: Павел, Телефон: +7 (908) 134-1963
[2025-06-08 19:01:31] Сообщение для Telegram сформировано
[2025-06-08 19:01:31] Подготовка к отправке в Telegram
[2025-06-08 19:01:31] Начало отправки в Telegram
[2025-06-08 19:01:31] CURL опции установлены
[2025-06-08 19:01:32] CURL выполнен. HTTP код: 200
[2025-06-08 19:01:32] Ответ Telegram: {"ok":true,"result":{"message_id":49,"from":{"id":7606774380,"is_bot":true,"first_name":"electrikavrn","username":"electrikavrn_bot"},"chat":{"id":-4925396190,"title":"ElectrikaVRN \u0437\u0430\u044f\u0432\u043a\u0438","type":"group","all_members_are_administrators":true,"accepted_gift_types":{"unlimited_gifts":false,"limited_gifts":false,"unique_gifts":false,"premium_subscription":false}},"date":1749398492,"text":"\ud83d\udd14 \u041d\u043e\u0432\u0430\u044f \u0437\u0430\u044f\u0432\u043a\u0430 \u0441 \u0441\u0430\u0439\u0442\u0430!\n\n\ud83d\udc64 \u0418\u043c\u044f: \u041f\u0430\u0432\u0435\u043b\n\ud83d\udcf1 \u0422\u0435\u043b\u0435\u0444\u043e\u043d: +7 (908) 134-1963\n\ud83d\udcac \u0421\u043e\u043e\u0431\u0449\u0435\u043d\u0438\u0435: \u0422\u0435\u0441\u0442\n\n\ud83d\udd52 \u0414\u0430\u0442\u0430: 08.06.2025 19:01:31\n\ud83c\udf0d \u0421\u0442\u0440\u0430\u043d\u0430: \u0420\u043e\u0441\u0441\u0438\u044f\n\ud83c\udfe0 \u0420\u0435\u0433\u0438\u043e\u043d: \u0412\u043e\u0440\u043e\u043d\u0435\u0436\u0441\u043a\u0430\u044f \u043e\u0431\u043b\u0430\u0441\u0442\u044c\n\ud83c\udf06 \u0413\u043e\u0440\u043e\u0434: \u0412\u043e\u0440\u043e\u043d\u0435\u0436\n\ud83d\udccd \u0410\u0434\u0440\u0435\u0441: 11, \u0443\u043b\u0438\u0446\u0430 \u0418\u0437\u043e\u0431\u0440\u0435\u0442\u0430\u0442\u0435\u043b\u0435\u0439, \u0421\u043e\u0432\u0435\u0442\u0441\u043a\u0438\u0439 \u0440\u0430\u0439\u043e\u043d, \u0412\u043e\u0440\u043e\u043d\u0435\u0436, \u0433\u043e\u0440\u043e\u0434\u0441\u043a\u043e\u0439 \u043e\u043a\u0440\u0443\u0433 \u0412\u043e\u0440\u043e\u043d\u0435\u0436, \u0412\u043e\u0440\u043e\u043d\u0435\u0436\u0441\u043a\u0430\u044f \u043e\u0431\u043b\u0430\u0441\u0442\u044c, \u0426\u0435\u043d\u0442\u0440\u0430\u043b\u044c\u043d\u044b\u0439 \u0444\u0435\u0434\u0435\u0440\u0430\u043b\u044c\u043d\u044b\u0439 \u043e\u043a\u0440\u0443\u0433, 394027, \u0420\u043e\u0441\u0441\u0438\u044f\n\ud83c\udf10 IP: 95.32.10.49\n\ud83d\uddfa\ufe0f \u041a\u043e\u043e\u0440\u0434\u0438\u043d\u0430\u0442\u044b: 51.6664, 39.17\n\ud83d\udcde \u0418\u0441\u0442\u043e\u0447\u043d\u0438\u043a: \u0424\u043e\u0440\u043c\u0430 \u043d\u0430 \u0441\u0430\u0439\u0442\u0435","entities":[{"offset":0,"length":24,"type":"bold"},{"offset":26,"length":7,"type":"bold"},{"offset":40,"length":11,"type":"bold"},{"offset":70,"length":13,"type":"bold"},{"offset":90,"length":8,"type":"bold"},{"offset":119,"length":10,"type":"bold"},{"offset":137,"length":10,"type":"bold"},{"offset":168,"length":9,"type":"bold"},{"offset":186,"length":9,"type":"bold"},{"offset":339,"length":6,"type":"bold"},{"offset":346,"length":11,"type":"url"},{"offset":358,"length":15,"type":"bold"},{"offset":389,"length":12,"type":"bold"}]}}
[2025-06-08 19:01:32] Сообщение успешно отправлено в Telegram
[2025-06-08 19:01:32] Заявка записана в лог
[2025-06-08 19:01:32] Отправлен успешный ответ клиенту
[2025-06-08 19:35:02] Скрипт начал выполнение
[2025-06-08 19:35:02] Конфигурация загружена успешно
[2025-06-08 19:35:02] Origin запроса: https://electrikavrn.ru
[2025-06-08 19:35:02] CORS заголовки установлены
[2025-06-08 19:35:02] Метод запроса: POST
[2025-06-08 19:35:02] Получены данные: {"name":"Павел","phone":"+7 (908) 134-1963","message":"Тест","source":"Форма обратной связи","url":"https://electrikavrn.ru/"}
[2025-06-08 19:35:02] Данные успешно декодированы
[2025-06-08 19:35:02] IP пользователя: 95.32.10.49
[2025-06-08 19:35:02] Получена информация о местоположении
[2025-06-08 19:35:03] Геоинформация получена
[2025-06-08 19:35:03] Данные формы получены. Имя: Павел, Телефон: +7 (908) 134-1963
[2025-06-08 19:35:03] Сообщение для Telegram сформировано
[2025-06-08 19:35:03] Подготовка к отправке в Telegram
[2025-06-08 19:35:03] Начало отправки в Telegram
[2025-06-08 19:35:03] CURL опции установлены
[2025-06-08 19:35:03] CURL выполнен. HTTP код: 200
[2025-06-08 19:35:03] Ответ Telegram: {"ok":true,"result":{"message_id":50,"from":{"id":7606774380,"is_bot":true,"first_name":"electrikavrn","username":"electrikavrn_bot"},"chat":{"id":-4925396190,"title":"ElectrikaVRN \u0437\u0430\u044f\u0432\u043a\u0438","type":"group","all_members_are_administrators":true,"accepted_gift_types":{"unlimited_gifts":false,"limited_gifts":false,"unique_gifts":false,"premium_subscription":false}},"date":1749400503,"text":"\ud83d\udd14 \u041d\u043e\u0432\u0430\u044f \u0437\u0430\u044f\u0432\u043a\u0430 \u0441 \u0441\u0430\u0439\u0442\u0430!\n\n\ud83d\udc64 \u0418\u043c\u044f: \u041f\u0430\u0432\u0435\u043b\n\ud83d\udcf1 \u0422\u0435\u043b\u0435\u0444\u043e\u043d: +7 (908) 134-1963\n\ud83d\udcac \u0421\u043e\u043e\u0431\u0449\u0435\u043d\u0438\u0435: \u0422\u0435\u0441\u0442\n\n\ud83d\udd52 \u0414\u0430\u0442\u0430: 08.06.2025 19:35:03\n\ud83c\udf0d \u0421\u0442\u0440\u0430\u043d\u0430: \u0420\u043e\u0441\u0441\u0438\u044f\n\ud83c\udfe0 \u0420\u0435\u0433\u0438\u043e\u043d: \u0412\u043e\u0440\u043e\u043d\u0435\u0436\u0441\u043a\u0430\u044f \u043e\u0431\u043b\u0430\u0441\u0442\u044c\n\ud83c\udf06 \u0413\u043e\u0440\u043e\u0434: \u0412\u043e\u0440\u043e\u043d\u0435\u0436\n\ud83d\udccd \u0410\u0434\u0440\u0435\u0441: 11, \u0443\u043b\u0438\u0446\u0430 \u0418\u0437\u043e\u0431\u0440\u0435\u0442\u0430\u0442\u0435\u043b\u0435\u0439, \u0421\u043e\u0432\u0435\u0442\u0441\u043a\u0438\u0439 \u0440\u0430\u0439\u043e\u043d, \u0412\u043e\u0440\u043e\u043d\u0435\u0436, \u0433\u043e\u0440\u043e\u0434\u0441\u043a\u043e\u0439 \u043e\u043a\u0440\u0443\u0433 \u0412\u043e\u0440\u043e\u043d\u0435\u0436, \u0412\u043e\u0440\u043e\u043d\u0435\u0436\u0441\u043a\u0430\u044f \u043e\u0431\u043b\u0430\u0441\u0442\u044c, \u0426\u0435\u043d\u0442\u0440\u0430\u043b\u044c\u043d\u044b\u0439 \u0444\u0435\u0434\u0435\u0440\u0430\u043b\u044c\u043d\u044b\u0439 \u043e\u043a\u0440\u0443\u0433, 394027, \u0420\u043e\u0441\u0441\u0438\u044f\n\ud83c\udf10 IP: 95.32.10.49\n\ud83d\uddfa\ufe0f \u041a\u043e\u043e\u0440\u0434\u0438\u043d\u0430\u0442\u044b: 51.6664, 39.17\n\ud83d\udcde \u0418\u0441\u0442\u043e\u0447\u043d\u0438\u043a: \u0424\u043e\u0440\u043c\u0430 \u043d\u0430 \u0441\u0430\u0439\u0442\u0435","entities":[{"offset":0,"length":24,"type":"bold"},{"offset":26,"length":7,"type":"bold"},{"offset":40,"length":11,"type":"bold"},{"offset":70,"length":13,"type":"bold"},{"offset":90,"length":8,"type":"bold"},{"offset":119,"length":10,"type":"bold"},{"offset":137,"length":10,"type":"bold"},{"offset":168,"length":9,"type":"bold"},{"offset":186,"length":9,"type":"bold"},{"offset":339,"length":6,"type":"bold"},{"offset":346,"length":11,"type":"url"},{"offset":358,"length":15,"type":"bold"},{"offset":389,"length":12,"type":"bold"}]}}
[2025-06-08 19:35:03] Сообщение успешно отправлено в Telegram
[2025-06-08 19:35:03] Заявка записана в лог
[2025-06-08 19:35:03] Отправлен успешный ответ клиенту
[2025-06-08 19:38:42] Скрипт начал выполнение
[2025-06-08 19:38:42] Конфигурация загружена успешно
[2025-06-08 19:38:42] Origin запроса: https://electrikavrn.ru
[2025-06-08 19:38:42] CORS заголовки установлены
[2025-06-08 19:38:42] Метод запроса: POST
[2025-06-08 19:38:42] Получены данные: {"name":"Павел","phone":"+7 (908) 134-1963","message":"Тест","source":"Форма обратной связи","url":"https://electrikavrn.ru/"}
[2025-06-08 19:38:42] Данные успешно декодированы
[2025-06-08 19:38:42] IP пользователя: 95.32.10.49
[2025-06-08 19:38:42] Получена информация о местоположении
[2025-06-08 19:38:43] Геоинформация получена
[2025-06-08 19:38:43] Данные формы получены. Имя: Павел, Телефон: +7 (908) 134-1963
[2025-06-08 19:38:43] Сообщение для Telegram сформировано
[2025-06-08 19:38:43] Подготовка к отправке в Telegram
[2025-06-08 19:38:43] Начало отправки в Telegram
[2025-06-08 19:38:43] CURL опции установлены
[2025-06-08 19:38:43] CURL выполнен. HTTP код: 200
[2025-06-08 19:38:43] Ответ Telegram: {"ok":true,"result":{"message_id":51,"from":{"id":7606774380,"is_bot":true,"first_name":"electrikavrn","username":"electrikavrn_bot"},"chat":{"id":-4925396190,"title":"ElectrikaVRN \u0437\u0430\u044f\u0432\u043a\u0438","type":"group","all_members_are_administrators":true,"accepted_gift_types":{"unlimited_gifts":false,"limited_gifts":false,"unique_gifts":false,"premium_subscription":false}},"date":1749400723,"text":"\ud83d\udd14 \u041d\u043e\u0432\u0430\u044f \u0437\u0430\u044f\u0432\u043a\u0430 \u0441 \u0441\u0430\u0439\u0442\u0430!\n\n\ud83d\udc64 \u0418\u043c\u044f: \u041f\u0430\u0432\u0435\u043b\n\ud83d\udcf1 \u0422\u0435\u043b\u0435\u0444\u043e\u043d: +7 (908) 134-1963\n\ud83d\udcac \u0421\u043e\u043e\u0431\u0449\u0435\u043d\u0438\u0435: \u0422\u0435\u0441\u0442\n\n\ud83d\udd52 \u0414\u0430\u0442\u0430: 08.06.2025 19:38:43\n\ud83c\udf0d \u0421\u0442\u0440\u0430\u043d\u0430: \u0420\u043e\u0441\u0441\u0438\u044f\n\ud83c\udfe0 \u0420\u0435\u0433\u0438\u043e\u043d: \u0412\u043e\u0440\u043e\u043d\u0435\u0436\u0441\u043a\u0430\u044f \u043e\u0431\u043b\u0430\u0441\u0442\u044c\n\ud83c\udf06 \u0413\u043e\u0440\u043e\u0434: \u0412\u043e\u0440\u043e\u043d\u0435\u0436\n\ud83d\udccd \u0410\u0434\u0440\u0435\u0441: 11, \u0443\u043b\u0438\u0446\u0430 \u0418\u0437\u043e\u0431\u0440\u0435\u0442\u0430\u0442\u0435\u043b\u0435\u0439, \u0421\u043e\u0432\u0435\u0442\u0441\u043a\u0438\u0439 \u0440\u0430\u0439\u043e\u043d, \u0412\u043e\u0440\u043e\u043d\u0435\u0436, \u0433\u043e\u0440\u043e\u0434\u0441\u043a\u043e\u0439 \u043e\u043a\u0440\u0443\u0433 \u0412\u043e\u0440\u043e\u043d\u0435\u0436, \u0412\u043e\u0440\u043e\u043d\u0435\u0436\u0441\u043a\u0430\u044f \u043e\u0431\u043b\u0430\u0441\u0442\u044c, \u0426\u0435\u043d\u0442\u0440\u0430\u043b\u044c\u043d\u044b\u0439 \u0444\u0435\u0434\u0435\u0440\u0430\u043b\u044c\u043d\u044b\u0439 \u043e\u043a\u0440\u0443\u0433, 394027, \u0420\u043e\u0441\u0441\u0438\u044f\n\ud83c\udf10 IP: 95.32.10.49\n\ud83d\uddfa\ufe0f \u041a\u043e\u043e\u0440\u0434\u0438\u043d\u0430\u0442\u044b: 51.6664, 39.17\n\ud83d\udcde \u0418\u0441\u0442\u043e\u0447\u043d\u0438\u043a: \u0424\u043e\u0440\u043c\u0430 \u043d\u0430 \u0441\u0430\u0439\u0442\u0435","entities":[{"offset":0,"length":24,"type":"bold"},{"offset":26,"length":7,"type":"bold"},{"offset":40,"length":11,"type":"bold"},{"offset":70,"length":13,"type":"bold"},{"offset":90,"length":8,"type":"bold"},{"offset":119,"length":10,"type":"bold"},{"offset":137,"length":10,"type":"bold"},{"offset":168,"length":9,"type":"bold"},{"offset":186,"length":9,"type":"bold"},{"offset":339,"length":6,"type":"bold"},{"offset":346,"length":11,"type":"url"},{"offset":358,"length":15,"type":"bold"},{"offset":389,"length":12,"type":"bold"}]}}
[2025-06-08 19:38:43] Сообщение успешно отправлено в Telegram
[2025-06-08 19:38:43] Заявка записана в лог
[2025-06-08 19:38:43] Отправлен успешный ответ клиенту
[2025-06-21 11:54:12] Скрипт начал выполнение
[2025-06-21 11:54:12] Конфигурация загружена успешно
[2025-06-21 11:54:12] Origin запроса: https://electrikavrn.ru
[2025-06-21 11:54:12] CORS заголовки установлены
[2025-06-21 11:54:12] Метод запроса: POST
[2025-06-21 11:54:12] Получены данные: {"name":"Admin","phone":"+7 (908) 134-1963","message":"Test","source":"Форма обратной связи","url":"https://electrikavrn.ru/?ysclid=mc603gd5vz455673612"}
[2025-06-21 11:54:12] Данные успешно декодированы
[2025-06-21 11:54:12] IP пользователя: 79.104.4.128
[2025-06-21 11:54:12] Получена информация о местоположении
[2025-06-21 11:54:12] Геоинформация получена
[2025-06-21 11:54:12] Данные формы получены. Имя: Admin, Телефон: +7 (908) 134-1963
[2025-06-21 11:54:12] Сообщение для Telegram сформировано
[2025-06-21 11:54:12] Подготовка к отправке в Telegram
[2025-06-21 11:54:12] Начало отправки в Telegram
[2025-06-21 11:54:12] CURL опции установлены
[2025-06-21 11:54:13] CURL выполнен. HTTP код: 200
[2025-06-21 11:54:13] Ответ Telegram: {"ok":true,"result":{"message_id":52,"from":{"id":7606774380,"is_bot":true,"first_name":"electrikavrn","username":"electrikavrn_bot"},"chat":{"id":-4925396190,"title":"ElectrikaVRN \u0437\u0430\u044f\u0432\u043a\u0438","type":"group","all_members_are_administrators":true,"accepted_gift_types":{"unlimited_gifts":false,"limited_gifts":false,"unique_gifts":false,"premium_subscription":false}},"date":1750496053,"text":"\ud83d\udd14 \u041d\u043e\u0432\u0430\u044f \u0437\u0430\u044f\u0432\u043a\u0430 \u0441 \u0441\u0430\u0439\u0442\u0430!\n\n\ud83d\udc64 \u0418\u043c\u044f: Admin\n\ud83d\udcf1 \u0422\u0435\u043b\u0435\u0444\u043e\u043d: +7 (908) 134-1963\n\ud83d\udcac \u0421\u043e\u043e\u0431\u0449\u0435\u043d\u0438\u0435: Test\n\n\ud83d\udd52 \u0414\u0430\u0442\u0430: 21.06.2025 11:54:12\n\ud83c\udf0d \u0421\u0442\u0440\u0430\u043d\u0430: \u0420\u043e\u0441\u0441\u0438\u044f\n\ud83c\udfe0 \u0420\u0435\u0433\u0438\u043e\u043d: \u041c\u043e\u0441\u043a\u0432\u0430\n\ud83c\udf06 \u0413\u043e\u0440\u043e\u0434: \u041c\u043e\u0441\u043a\u0432\u0430\n\ud83d\udccd \u0410\u0434\u0440\u0435\u0441: \u0443\u043b\u0438\u0446\u0430 800-\u043b\u0435\u0442\u0438\u044f \u041c\u043e\u0441\u043a\u0432\u044b, \u0440\u0430\u0439\u043e\u043d \u0412\u043e\u0441\u0442\u043e\u0447\u043d\u043e\u0435 \u0414\u0435\u0433\u0443\u043d\u0438\u043d\u043e, \u041c\u043e\u0441\u043a\u0432\u0430, \u0426\u0435\u043d\u0442\u0440\u0430\u043b\u044c\u043d\u044b\u0439 \u0444\u0435\u0434\u0435\u0440\u0430\u043b\u044c\u043d\u044b\u0439 \u043e\u043a\u0440\u0443\u0433, 127591, \u0420\u043e\u0441\u0441\u0438\u044f\n\ud83c\udf10 IP: 79.104.4.128\n\ud83d\uddfa\ufe0f \u041a\u043e\u043e\u0440\u0434\u0438\u043d\u0430\u0442\u044b: 55.8801, 37.5576\n\ud83d\udcde \u0418\u0441\u0442\u043e\u0447\u043d\u0438\u043a: \u0424\u043e\u0440\u043c\u0430 \u043d\u0430 \u0441\u0430\u0439\u0442\u0435","entities":[{"offset":0,"length":24,"type":"bold"},{"offset":26,"length":7,"type":"bold"},{"offset":40,"length":11,"type":"bold"},{"offset":70,"length":13,"type":"bold"},{"offset":90,"length":8,"type":"bold"},{"offset":119,"length":10,"type":"bold"},{"offset":137,"length":10,"type":"bold"},{"offset":155,"length":9,"type":"bold"},{"offset":172,"length":9,"type":"bold"},{"offset":286,"length":6,"type":"bold"},{"offset":293,"length":12,"type":"url"},{"offset":306,"length":15,"type":"bold"},{"offset":339,"length":12,"type":"bold"}]}}
[2025-06-21 11:54:13] Сообщение успешно отправлено в Telegram
[2025-06-21 11:54:13] Заявка записана в лог
[2025-06-21 11:54:13] Отправлен успешный ответ клиенту
[2025-06-21 12:23:36] Скрипт начал выполнение
[2025-06-21 12:23:36] Конфигурация загружена успешно
[2025-06-21 12:23:36] Origin запроса: https://electrikavrn.ru
[2025-06-21 12:23:36] CORS заголовки установлены
[2025-06-21 12:23:36] Метод запроса: POST
[2025-06-21 12:23:36] Получены данные: {"name":"Admin","phone":"+7 (908) 134-1963","message":"test","source":"Форма обратной связи","url":"https://electrikavrn.ru/projects/1room-budget"}
[2025-06-21 12:23:36] Данные успешно декодированы
[2025-06-21 12:23:36] IP пользователя: 79.104.4.128
[2025-06-21 12:23:36] Получена информация о местоположении
[2025-06-21 12:23:37] Геоинформация получена
[2025-06-21 12:23:37] Данные формы получены. Имя: Admin, Телефон: +7 (908) 134-1963
[2025-06-21 12:23:37] Сообщение для Telegram сформировано
[2025-06-21 12:23:37] Подготовка к отправке в Telegram
[2025-06-21 12:23:37] Начало отправки в Telegram
[2025-06-21 12:23:37] CURL опции установлены
[2025-06-21 12:23:37] CURL выполнен. HTTP код: 200
[2025-06-21 12:23:37] Ответ Telegram: {"ok":true,"result":{"message_id":53,"from":{"id":7606774380,"is_bot":true,"first_name":"electrikavrn","username":"electrikavrn_bot"},"chat":{"id":-4925396190,"title":"ElectrikaVRN \u0437\u0430\u044f\u0432\u043a\u0438","type":"group","all_members_are_administrators":true,"accepted_gift_types":{"unlimited_gifts":false,"limited_gifts":false,"unique_gifts":false,"premium_subscription":false}},"date":1750497817,"text":"\ud83d\udd14 \u041d\u043e\u0432\u0430\u044f \u0437\u0430\u044f\u0432\u043a\u0430 \u0441 \u0441\u0430\u0439\u0442\u0430!\n\n\ud83d\udc64 \u0418\u043c\u044f: Admin\n\ud83d\udcf1 \u0422\u0435\u043b\u0435\u0444\u043e\u043d: +7 (908) 134-1963\n\ud83d\udcac \u0421\u043e\u043e\u0431\u0449\u0435\u043d\u0438\u0435: test\n\n\ud83d\udd52 \u0414\u0430\u0442\u0430: 21.06.2025 12:23:37\n\ud83c\udf0d \u0421\u0442\u0440\u0430\u043d\u0430: \u0420\u043e\u0441\u0441\u0438\u044f\n\ud83c\udfe0 \u0420\u0435\u0433\u0438\u043e\u043d: \u041c\u043e\u0441\u043a\u0432\u0430\n\ud83c\udf06 \u0413\u043e\u0440\u043e\u0434: \u041c\u043e\u0441\u043a\u0432\u0430\n\ud83d\udccd \u0410\u0434\u0440\u0435\u0441: \u0443\u043b\u0438\u0446\u0430 800-\u043b\u0435\u0442\u0438\u044f \u041c\u043e\u0441\u043a\u0432\u044b, \u0440\u0430\u0439\u043e\u043d \u0412\u043e\u0441\u0442\u043e\u0447\u043d\u043e\u0435 \u0414\u0435\u0433\u0443\u043d\u0438\u043d\u043e, \u041c\u043e\u0441\u043a\u0432\u0430, \u0426\u0435\u043d\u0442\u0440\u0430\u043b\u044c\u043d\u044b\u0439 \u0444\u0435\u0434\u0435\u0440\u0430\u043b\u044c\u043d\u044b\u0439 \u043e\u043a\u0440\u0443\u0433, 127591, \u0420\u043e\u0441\u0441\u0438\u044f\n\ud83c\udf10 IP: 79.104.4.128\n\ud83d\uddfa\ufe0f \u041a\u043e\u043e\u0440\u0434\u0438\u043d\u0430\u0442\u044b: 55.8801, 37.5576\n\ud83d\udcde \u0418\u0441\u0442\u043e\u0447\u043d\u0438\u043a: \u0424\u043e\u0440\u043c\u0430 \u043d\u0430 \u0441\u0430\u0439\u0442\u0435","entities":[{"offset":0,"length":24,"type":"bold"},{"offset":26,"length":7,"type":"bold"},{"offset":40,"length":11,"type":"bold"},{"offset":70,"length":13,"type":"bold"},{"offset":90,"length":8,"type":"bold"},{"offset":119,"length":10,"type":"bold"},{"offset":137,"length":10,"type":"bold"},{"offset":155,"length":9,"type":"bold"},{"offset":172,"length":9,"type":"bold"},{"offset":286,"length":6,"type":"bold"},{"offset":293,"length":12,"type":"url"},{"offset":306,"length":15,"type":"bold"},{"offset":339,"length":12,"type":"bold"}]}}
[2025-06-21 12:23:37] Сообщение успешно отправлено в Telegram
[2025-06-21 12:23:37] Заявка записана в лог
[2025-06-21 12:23:37] Отправлен успешный ответ клиенту
[2025-10-06 10:52:32] Скрипт начал выполнение
[2025-10-06 10:52:32] Конфигурация загружена успешно
[2025-10-06 10:52:32] Origin запроса: https://electrikavrn.ru
[2025-10-06 10:52:32] CORS заголовки установлены
[2025-10-06 10:52:32] Метод запроса: POST
[2025-10-06 10:52:32] Получены данные: {"name":"Роман","phone":"+7 (920) 426-3900","message":"","source":"Форма обратной связи","url":"https://electrikavrn.ru/contacts"}
[2025-10-06 10:52:32] Данные успешно декодированы
[2025-10-06 10:52:32] IP пользователя: 46.164.209.237
[2025-10-06 10:52:32] Получена информация о местоположении
[2025-10-06 10:52:33] Геоинформация получена
[2025-10-06 10:52:33] Данные формы получены. Имя: Роман, Телефон: +7 (920) 426-3900
[2025-10-06 10:52:33] Сообщение для Telegram сформировано
[2025-10-06 10:52:33] Подготовка к отправке в Telegram
[2025-10-06 10:52:33] Начало отправки в Telegram
[2025-10-06 10:52:33] CURL опции установлены
[2025-10-06 10:52:33] CURL выполнен. HTTP код: 200
[2025-10-06 10:52:33] Ответ Telegram: {"ok":true,"result":{"message_id":54,"from":{"id":7606774380,"is_bot":true,"first_name":"electrikavrn","username":"electrikavrn_bot"},"chat":{"id":-4925396190,"title":"ElectrikaVRN \u0437\u0430\u044f\u0432\u043a\u0438","type":"group","all_members_are_administrators":true,"accepted_gift_types":{"unlimited_gifts":false,"limited_gifts":false,"unique_gifts":false,"premium_subscription":false}},"date":1759737153,"text":"\ud83d\udd14 \u041d\u043e\u0432\u0430\u044f \u0437\u0430\u044f\u0432\u043a\u0430 \u0441 \u0441\u0430\u0439\u0442\u0430!\n\n\ud83d\udc64 \u0418\u043c\u044f: \u0420\u043e\u043c\u0430\u043d\n\ud83d\udcf1 \u0422\u0435\u043b\u0435\u0444\u043e\u043d: +7 (920) 426-3900\n\ud83d\udcac \u0421\u043e\u043e\u0431\u0449\u0435\u043d\u0438\u0435: \n\n\ud83d\udd52 \u0414\u0430\u0442\u0430: 06.10.2025 10:52:33\n\ud83c\udf0d \u0421\u0442\u0440\u0430\u043d\u0430: \u0420\u043e\u0441\u0441\u0438\u044f\n\ud83c\udfe0 \u0420\u0435\u0433\u0438\u043e\u043d: \u0412\u043e\u0440\u043e\u043d\u0435\u0436\u0441\u043a\u0430\u044f \u043e\u0431\u043b\u0430\u0441\u0442\u044c\n\ud83c\udf06 \u0413\u043e\u0440\u043e\u0434: \u0412\u043e\u0440\u043e\u043d\u0435\u0436\n\ud83d\udccd \u0410\u0434\u0440\u0435\u0441: 47, \u0443\u043b\u0438\u0446\u0430 \u0411\u0430\u043a\u0443\u043d\u0438\u043d\u0430, \u042f\u043c\u0441\u043a\u0430\u044f \u0441\u043b\u043e\u0431\u043e\u0434\u0430, \u041b\u0435\u043d\u0438\u043d\u0441\u043a\u0438\u0439 \u0440\u0430\u0439\u043e\u043d, \u0412\u043e\u0440\u043e\u043d\u0435\u0436, \u0433\u043e\u0440\u043e\u0434\u0441\u043a\u043e\u0439 \u043e\u043a\u0440\u0443\u0433 \u0412\u043e\u0440\u043e\u043d\u0435\u0436, \u0412\u043e\u0440\u043e\u043d\u0435\u0436\u0441\u043a\u0430\u044f \u043e\u0431\u043b\u0430\u0441\u0442\u044c, \u0426\u0435\u043d\u0442\u0440\u0430\u043b\u044c\u043d\u044b\u0439 \u0444\u0435\u0434\u0435\u0440\u0430\u043b\u044c\u043d\u044b\u0439 \u043e\u043a\u0440\u0443\u0433, 394030, \u0420\u043e\u0441\u0441\u0438\u044f\n\ud83c\udf10 IP: 46.164.209.237\n\ud83d\uddfa\ufe0f \u041a\u043e\u043e\u0440\u0434\u0438\u043d\u0430\u0442\u044b: 51.672, 39.1843\n\ud83d\udcde \u0418\u0441\u0442\u043e\u0447\u043d\u0438\u043a: \u0424\u043e\u0440\u043c\u0430 \u043d\u0430 \u0441\u0430\u0439\u0442\u0435","entities":[{"offset":0,"length":24,"type":"bold"},{"offset":26,"length":7,"type":"bold"},{"offset":40,"length":11,"type":"bold"},{"offset":70,"length":13,"type":"bold"},{"offset":86,"length":8,"type":"bold"},{"offset":115,"length":10,"type":"bold"},{"offset":133,"length":10,"type":"bold"},{"offset":164,"length":9,"type":"bold"},{"offset":182,"length":9,"type":"bold"},{"offset":346,"length":6,"type":"bold"},{"offset":353,"length":14,"type":"url"},{"offset":368,"length":15,"type":"bold"},{"offset":400,"length":12,"type":"bold"}]}}
[2025-10-06 10:52:33] Сообщение успешно отправлено в Telegram
[2025-10-06 10:52:33] Заявка записана в лог
[2025-10-06 10:52:33] Отправлен успешный ответ клиенту
